<?xml version="1.0" encoding="UTF-8"?>
<testng-results ignored="0" total="2" passed="2" failed="0" skipped="0">
  <reporter-output>
  </reporter-output>
  <suite started-at="2022-09-01T09:31:14 IST" name="Default suite" finished-at="2022-09-01T09:31:39 IST" duration-ms="25708">
    <groups>
    </groups>
    <test started-at="2022-09-01T09:31:14 IST" name="Default test" finished-at="2022-09-01T09:31:39 IST" duration-ms="25708">
      <class name="org.adactin.FinalRun">
        <test-method signature="tc01()[pri:0, instance:org.adactin.FinalRun@74751b3]" started-at="2022-09-01T09:31:14 IST" name="tc01" finished-at="2022-09-01T09:31:36 IST" duration-ms="21981" status="PASS">
          <reporter-output>
          </reporter-output>
        </test-method> <!-- tc01 -->
        <test-method signature="tc02()[pri:1, instance:org.adactin.FinalRun@74751b3]" started-at="2022-09-01T09:31:36 IST" name="tc02" finished-at="2022-09-01T09:31:39 IST" duration-ms="3670" status="PASS">
          <reporter-output>
          </reporter-output>
        </test-method> <!-- tc02 -->
      </class> <!-- org.adactin.FinalRun -->
    </test> <!-- Default test -->
  </suite> <!-- Default suite -->
</testng-results>
